<?xml version="1.0" encoding="UTF-8"?>
<!-- Generated by org.testng.reporters.JUnitReportReporter -->
<testsuite hostname="Anirbans-MacBook-Pro.local" failures="0" tests="1" name="RegressionTest.Test1" time="20.447" errors="0" timestamp="2023-01-04T23:33:37 IST" skipped="0">
  <testcase classname="RegressionTest.Test1" name="Login" time="20.447"/>
  <system-out/>
</testsuite> <!-- RegressionTest.Test1 -->
