<?xml version="1.0" encoding="UTF-8"?>
<!-- Generated by org.testng.reporters.JUnitReportReporter -->
<testsuite hostname="Anirbans-MacBook-Pro.local" failures="0" tests="1" name="RegressionTest.Test3" time="35.537" errors="0" timestamp="2023-01-05T14:36:25 IST" skipped="0">
  <testcase classname="RegressionTest.Test3" name="testValidAuthentication" time="35.537"/>
  <system-out/>
</testsuite> <!-- RegressionTest.Test3 -->
